
Showing logs for build [32mcb-kubecd-bdd-spring-1583569469-pwj29-1[0m stage [32mfrom-build-pack[0m and container [32mstep-credential-initializer-7f7tf[0m
{"level":"warn","ts":1583570079.7569976,"logger":"fallback-logger","caller":"logging/config.go:69","msg":"Fetch GitHub commit ID from kodata failed: \"ref: refs/heads/0.8.0-**-support-backwards-incompats\" is not a valid GitHub commit ID"}
{"level":"info","ts":1583570079.7574706,"logger":"fallback-logger","caller":"creds-init/main.go:40","msg":"Credentials initialized."}

Showing logs for build [32mcb-kubecd-bdd-spring-1583569469-pwj29-1[0m stage [32mfrom-build-pack[0m and container [32mstep-working-dir-initializer-qz2rl[0m
{"level":"warn","ts":1583570080.7162547,"logger":"fallback-logger","caller":"logging/config.go:69","msg":"Fetch GitHub commit ID from kodata failed: open /var/run/ko/HEAD: no such file or directory"}
{"level":"info","ts":1583570080.7176163,"logger":"fallback-logger","caller":"bash/main.go:64","msg":"Successfully executed command \"sh -c mkdir -p /workspace/source\"; output "}

Showing logs for build [32mcb-kubecd-bdd-spring-1583569469-pwj29-1[0m stage [32mfrom-build-pack[0m and container [32mstep-place-tools[0m

Showing logs for build [32mcb-kubecd-bdd-spring-1583569469-pwj29-1[0m stage [32mfrom-build-pack[0m and container [32mstep-git-source-cb-kubecd-bdd-spring-1583569469-pwj29-6kbk9[0m
{"level":"warn","ts":1583570089.7901404,"logger":"fallback-logger","caller":"logging/config.go:69","msg":"Fetch GitHub commit ID from kodata failed: \"ref: refs/heads/0.8.0-**-support-backwards-incompats\" is not a valid GitHub commit ID"}
{"level":"info","ts":1583570090.9765484,"logger":"fallback-logger","caller":"git/git.go:103","msg":"Successfully cloned https://github.com/cb-kubecd/bdd-spring-1583569469.git @ master in path /workspace/source"}

Showing logs for build [32mcb-kubecd-bdd-spring-1583569469-pwj29-1[0m stage [32mfrom-build-pack[0m and container [32mstep-git-merge[0m
Using SHAs from PULL_REFS=master:617122b3f6934e3de6b449ac31f876eb4b0ee6b5,1:cdb56ddcd527a01311e035531023dc2063ec4d10
DEBUG: LC_ALL=C JX_LOG_LEVEL=error git fetch origin --unshallow cdb56ddcd527a01311e035531023dc2063ec4d10: 617122b3f6934e3de6b449ac31f876eb4b0ee6b5:
DEBUG: ran git fetch --unshallow origin cdb56ddcd527a01311e035531023dc2063ec4d10: 617122b3f6934e3de6b449ac31f876eb4b0ee6b5: in 
DEBUG: JX_LOG_LEVEL=error LC_ALL=C git branch
DEBUG: LC_ALL=C JX_LOG_LEVEL=error git checkout master
DEBUG: ran git checkout master in 
DEBUG: LC_ALL=C JX_LOG_LEVEL=error git reset --hard 617122b3f6934e3de6b449ac31f876eb4b0ee6b5
DEBUG: ran git reset --hard 617122b3f6934e3de6b449ac31f876eb4b0ee6b5 in 
DEBUG: LC_ALL=C JX_LOG_LEVEL=error git clean -fd .
DEBUG: ran clean --force -d . in 
DEBUG: LC_ALL=C JX_LOG_LEVEL=error git merge cdb56ddcd527a01311e035531023dc2063ec4d10
DEBUG: ran git merge cdb56ddcd527a01311e035531023dc2063ec4d10 in 
DEBUG: LC_ALL=C JX_LOG_LEVEL=error git log --format=%H%x1f%an%x1f%ae%x1f%cn%x1f%ce%x1f%s%n%b%x1e 617122b3f6934e3de6b449ac31f876eb4b0ee6b5..HEAD
Merged SHA cdb56ddcd527a01311e035531023dc2063ec4d10 with commit message 'My first PR commit' into base branch master

Showing logs for build [32mcb-kubecd-bdd-spring-1583569469-pwj29-1[0m stage [32mfrom-build-pack[0m and container [32mstep-build-set-version[0m
Picked up _JAVA_OPTIONS: -XX:+UnlockExperimentalVMOptions -XX:+UseCGroupMemoryLimitForHeap -Dsun.zip.disableMemoryMapping=true -XX:+UseParallelGC -XX:MinHeapFreeRatio=5 -XX:MaxHeapFreeRatio=10 -XX:GCTimeRatio=4 -XX:AdaptiveSizePolicyWeight=90 -Xms10m -Xmx192m
OpenJDK 64-Bit Server VM warning: If the number of processors is expected to increase from one, then you should configure the number of parallel GC threads appropriately using -XX:ParallelGCThreads=N
[INFO] Scanning for projects...
[INFO] 
[INFO] -----------------< com.example:bdd-spring-1583569469 >------------------
[INFO] Building demo 0.0.1-SNAPSHOT
[INFO] --------------------------------[ jar ]---------------------------------
[INFO] 
[INFO] --- versions-maven-plugin:2.7:set (default-cli) @ bdd-spring-1583569469 ---
[INFO] Searching for local aggregator root...
[INFO] Local aggregation root: /workspace/source
[INFO] Processing change of com.example:bdd-spring-1583569469:0.0.1-SNAPSHOT -> 0.0.0-SNAPSHOT-PR-1-1
[INFO] Processing com.example:bdd-spring-1583569469
[INFO]     Updating project com.example:bdd-spring-1583569469
[INFO]         from version 0.0.1-SNAPSHOT to 0.0.0-SNAPSHOT-PR-1-1
[INFO] 
[INFO] ------------------------------------------------------------------------
[INFO] BUILD SUCCESS
[INFO] ------------------------------------------------------------------------
[INFO] Total time:  18.684 s
[INFO] Finished at: 2020-03-07T08:35:18Z
[INFO] ------------------------------------------------------------------------

Showing logs for build [32mcb-kubecd-bdd-spring-1583569469-pwj29-1[0m stage [32mfrom-build-pack[0m and container [32mstep-build-mvn-install[0m
Picked up _JAVA_OPTIONS: -XX:+UnlockExperimentalVMOptions -XX:+UseCGroupMemoryLimitForHeap -Dsun.zip.disableMemoryMapping=true -XX:+UseParallelGC -XX:MinHeapFreeRatio=5 -XX:MaxHeapFreeRatio=10 -XX:GCTimeRatio=4 -XX:AdaptiveSizePolicyWeight=90 -Xms10m -Xmx192m
OpenJDK 64-Bit Server VM warning: If the number of processors is expected to increase from one, then you should configure the number of parallel GC threads appropriately using -XX:ParallelGCThreads=N
[INFO] Scanning for projects...
[INFO] 
[INFO] -----------------< com.example:bdd-spring-1583569469 >------------------
[INFO] Building demo 0.0.0-SNAPSHOT-PR-1-1
[INFO] --------------------------------[ jar ]---------------------------------
[INFO] 
[INFO] --- maven-resources-plugin:3.1.0:resources (default-resources) @ bdd-spring-1583569469 ---
[INFO] Using 'UTF-8' encoding to copy filtered resources.
[INFO] Copying 1 resource
[INFO] Copying 0 resource
[INFO] 
[INFO] --- maven-compiler-plugin:3.8.1:compile (default-compile) @ bdd-spring-1583569469 ---
[INFO] Changes detected - recompiling the module!
[INFO] Compiling 1 source file to /workspace/source/target/classes
[INFO] 
[INFO] --- maven-resources-plugin:3.1.0:testResources (default-testResources) @ bdd-spring-1583569469 ---
[INFO] Using 'UTF-8' encoding to copy filtered resources.
[INFO] skip non existing resourceDirectory /workspace/source/src/test/resources
[INFO] 
[INFO] --- maven-compiler-plugin:3.8.1:testCompile (default-testCompile) @ bdd-spring-1583569469 ---
[INFO] Changes detected - recompiling the module!
[INFO] Compiling 1 source file to /workspace/source/target/test-classes
[INFO] 
[INFO] --- maven-surefire-plugin:3.0.0-M1:test (default-test) @ bdd-spring-1583569469 ---
[INFO] 
[INFO] -------------------------------------------------------
[INFO]  T E S T S
[INFO] -------------------------------------------------------
[INFO] Running com.example.bddspring1583569469.DemoApplicationTests
08:35:41.363 [main] DEBUG org.springframework.test.context.BootstrapUtils - Instantiating CacheAwareContextLoaderDelegate from class [org.springframework.test.context.cache.DefaultCacheAwareContextLoaderDelegate]
08:35:41.394 [main] DEBUG org.springframework.test.context.BootstrapUtils - Instantiating BootstrapContext using constructor [public org.springframework.test.context.support.DefaultBootstrapContext(java.lang.Class,org.springframework.test.context.CacheAwareContextLoaderDelegate)]
08:35:41.492 [main] DEBUG org.springframework.test.context.BootstrapUtils - Instantiating TestContextBootstrapper for test class [com.example.bddspring1583569469.DemoApplicationTests] from class [org.springframework.boot.test.context.SpringBootTestContextBootstrapper]
08:35:41.558 [main] INFO org.springframework.boot.test.context.SpringBootTestContextBootstrapper - Neither @ContextConfiguration nor @ContextHierarchy found for test class [com.example.bddspring1583569469.DemoApplicationTests], using SpringBootContextLoader
08:35:41.566 [main] DEBUG org.springframework.test.context.support.AbstractContextLoader - Did not detect default resource location for test class [com.example.bddspring1583569469.DemoApplicationTests]: class path resource [com/example/bddspring1583569469/DemoApplicationTests-context.xml] does not exist
08:35:41.568 [main] DEBUG org.springframework.test.context.support.AbstractContextLoader - Did not detect default resource location for test class [com.example.bddspring1583569469.DemoApplicationTests]: class path resource [com/example/bddspring1583569469/DemoApplicationTestsContext.groovy] does not exist
08:35:41.568 [main] INFO org.springframework.test.context.support.AbstractContextLoader - Could not detect default resource locations for test class [com.example.bddspring1583569469.DemoApplicationTests]: no resource found for suffixes {-context.xml, Context.groovy}.
08:35:41.569 [main] INFO org.springframework.test.context.support.AnnotationConfigContextLoaderUtils - Could not detect default configuration classes for test class [com.example.bddspring1583569469.DemoApplicationTests]: DemoApplicationTests does not declare any static, non-private, non-final, nested classes annotated with @Configuration.
08:35:41.706 [main] DEBUG org.springframework.test.context.support.ActiveProfilesUtils - Could not find an 'annotation declaring class' for annotation type [org.springframework.test.context.ActiveProfiles] and class [com.example.bddspring1583569469.DemoApplicationTests]
08:35:41.895 [main] DEBUG org.springframework.context.annotation.ClassPathScanningCandidateComponentProvider - Identified candidate component class: file [/workspace/source/target/classes/com/example/bddspring1583569469/DemoApplication.class]
08:35:41.899 [main] INFO org.springframework.boot.test.context.SpringBootTestContextBootstrapper - Found @SpringBootConfiguration com.example.bddspring1583569469.DemoApplication for test class com.example.bddspring1583569469.DemoApplicationTests
08:35:42.115 [main] DEBUG org.springframework.boot.test.context.SpringBootTestContextBootstrapper - @TestExecutionListeners is not present for class [com.example.bddspring1583569469.DemoApplicationTests]: using defaults.
08:35:42.116 [main] INFO org.springframework.boot.test.context.SpringBootTestContextBootstrapper - Loaded default TestExecutionListener class names from location [META-INF/spring.factories]: [org.springframework.boot.test.mock.mockito.MockitoTestExecutionListener, org.springframework.boot.test.mock.mockito.ResetMocksTestExecutionListener, org.springframework.boot.test.autoconfigure.restdocs.RestDocsTestExecutionListener, org.springframework.boot.test.autoconfigure.web.client.MockRestServiceServerResetTestExecutionListener, org.springframework.boot.test.autoconfigure.web.servlet.MockMvcPrintOnlyOnFailureTestExecutionListener, org.springframework.boot.test.autoconfigure.web.servlet.WebDriverTestExecutionListener, org.springframework.test.context.web.ServletTestExecutionListener, org.springframework.test.context.support.DirtiesContextBeforeModesTestExecutionListener, org.springframework.test.context.support.DependencyInjectionTestExecutionListener, org.springframework.test.context.support.DirtiesContextTestExecutionListener, org.springframework.test.context.transaction.TransactionalTestExecutionListener, org.springframework.test.context.jdbc.SqlScriptsTestExecutionListener, org.springframework.test.context.event.EventPublishingTestExecutionListener]
08:35:42.137 [main] DEBUG org.springframework.boot.test.context.SpringBootTestContextBootstrapper - Skipping candidate TestExecutionListener [org.springframework.test.context.transaction.TransactionalTestExecutionListener] due to a missing dependency. Specify custom listener classes or make the default listener classes and their required dependencies available. Offending class: [org/springframework/transaction/TransactionDefinition]
08:35:42.139 [main] DEBUG org.springframework.boot.test.context.SpringBootTestContextBootstrapper - Skipping candidate TestExecutionListener [org.springframework.test.context.jdbc.SqlScriptsTestExecutionListener] due to a missing dependency. Specify custom listener classes or make the default listener classes and their required dependencies available. Offending class: [org/springframework/transaction/interceptor/TransactionAttribute]
08:35:42.139 [main] INFO org.springframework.boot.test.context.SpringBootTestContextBootstrapper - Using TestExecutionListeners: [org.springframework.test.context.web.ServletTestExecutionListener@4d465b11, org.springframework.test.context.support.DirtiesContextBeforeModesTestExecutionListener@53fdffa1, org.springframework.boot.test.mock.mockito.MockitoTestExecutionListener@5562c41e, org.springframework.boot.test.autoconfigure.SpringBootDependencyInjectionTestExecutionListener@32ee6fee, org.springframework.test.context.support.DirtiesContextTestExecutionListener@4d0f2471, org.springframework.test.context.event.EventPublishingTestExecutionListener@7133da86, org.springframework.boot.test.mock.mockito.ResetMocksTestExecutionListener@3232a28a, org.springframework.boot.test.autoconfigure.restdocs.RestDocsTestExecutionListener@73e22a3d, org.springframework.boot.test.autoconfigure.web.client.MockRestServiceServerResetTestExecutionListener@47faa49c, org.springframework.boot.test.autoconfigure.web.servlet.MockMvcPrintOnlyOnFailureTestExecutionListener@28f2a10f, org.springframework.boot.test.autoconfigure.web.servlet.WebDriverTestExecutionListener@f736069]
08:35:42.154 [main] DEBUG org.springframework.test.context.support.AbstractDirtiesContextTestExecutionListener - Before test class: context [DefaultTestContext@48f278eb testClass = DemoApplicationTests, testInstance = [null], testMethod = [null], testException = [null], mergedContextConfiguration = [WebMergedContextConfiguration@2f217633 testClass = DemoApplicationTests, locations = '{}', classes = '{class com.example.bddspring1583569469.DemoApplication}', contextInitializerClasses = '[]', activeProfiles = '{}', propertySourceLocations = '{}', propertySourceProperties = '{org.springframework.boot.test.context.SpringBootTestContextBootstrapper=true}', contextCustomizers = set[org.springframework.boot.test.context.filter.ExcludeFilterContextCustomizer@7c469c48, org.springframework.boot.test.json.DuplicateJsonObjectContextCustomizerFactory$DuplicateJsonObjectContextCustomizer@1677d1, org.springframework.boot.test.mock.mockito.MockitoContextCustomizer@0, org.springframework.boot.test.web.client.TestRestTemplateContextCustomizer@433d61fb, org.springframework.boot.test.autoconfigure.properties.PropertyMappingContextCustomizer@0, org.springframework.boot.test.autoconfigure.web.servlet.WebDriverContextCustomizerFactory$Customizer@22a637e7], resourceBasePath = 'src/main/webapp', contextLoader = 'org.springframework.boot.test.context.SpringBootContextLoader', parent = [null]], attributes = map['org.springframework.test.context.web.ServletTestExecutionListener.activateListener' -> true]], class annotated with @DirtiesContext [false] with mode [null].
08:35:42.263 [main] DEBUG org.springframework.test.context.support.TestPropertySourceUtils - Adding inlined properties to environment: {spring.jmx.enabled=false, org.springframework.boot.test.context.SpringBootTestContextBootstrapper=true, server.port=-1}

  .   ____          _            __ _ _
 /\\ / ___'_ __ _ _(_)_ __  __ _ \ \ \ \
( ( )\___ | '_ | '_| | '_ \/ _` | \ \ \ \
 \\/  ___)| |_)| | | | | || (_| |  ) ) ) )
  '  |____| .__|_| |_|_| |_\__, | / / / /
 =========|_|==============|___/=/_/_/_/
 :: Spring Boot ::        (v2.2.5.RELEASE)

2020-03-07 08:35:42.858  INFO 62 --- [           main] c.e.b.DemoApplicationTests               : Starting DemoApplicationTests on cb-kubecd-bdd-spring-1583569469-pwj29-1-from-build-pack-84h5c-p with PID 62 (started by root in /workspace/source)
2020-03-07 08:35:42.861  INFO 62 --- [           main] c.e.b.DemoApplicationTests               : No active profile set, falling back to default profiles: default
2020-03-07 08:35:50.785  INFO 62 --- [           main] o.s.s.concurrent.ThreadPoolTaskExecutor  : Initializing ExecutorService 'applicationTaskExecutor'
2020-03-07 08:35:53.180  INFO 62 --- [           main] o.s.b.a.e.web.EndpointLinksResolver      : Exposing 2 endpoint(s) beneath base path '/actuator'
2020-03-07 08:35:53.395  INFO 62 --- [           main] c.e.b.DemoApplicationTests               : Started DemoApplicationTests in 11.107 seconds (JVM running for 14.002)
[INFO] Tests run: 1, Failures: 0, Errors: 0, Skipped: 0, Time elapsed: 13.143 s - in com.example.bddspring1583569469.DemoApplicationTests
2020-03-07 08:35:54.473  INFO 62 --- [extShutdownHook] o.s.s.concurrent.ThreadPoolTaskExecutor  : Shutting down ExecutorService 'applicationTaskExecutor'
[INFO] 
[INFO] Results:
[INFO] 
[INFO] Tests run: 1, Failures: 0, Errors: 0, Skipped: 0
[INFO] 
[INFO] 
[INFO] --- maven-jar-plugin:3.1.2:jar (default-jar) @ bdd-spring-1583569469 ---
[INFO] Building jar: /workspace/source/target/bdd-spring-1583569469-0.0.0-SNAPSHOT-PR-1-1.jar
[INFO] 
[INFO] --- spring-boot-maven-plugin:2.2.5.RELEASE:repackage (repackage) @ bdd-spring-1583569469 ---
[INFO] Replacing main artifact with repackaged archive
[INFO] 
[INFO] --- maven-install-plugin:2.5.2:install (default-install) @ bdd-spring-1583569469 ---
[INFO] Installing /workspace/source/target/bdd-spring-1583569469-0.0.0-SNAPSHOT-PR-1-1.jar to /home/jenkins/.mvnrepository/com/example/bdd-spring-1583569469/0.0.0-SNAPSHOT-PR-1-1/bdd-spring-1583569469-0.0.0-SNAPSHOT-PR-1-1.jar
[INFO] Installing /workspace/source/pom.xml to /home/jenkins/.mvnrepository/com/example/bdd-spring-1583569469/0.0.0-SNAPSHOT-PR-1-1/bdd-spring-1583569469-0.0.0-SNAPSHOT-PR-1-1.pom
[INFO] ------------------------------------------------------------------------
[INFO] BUILD SUCCESS
[INFO] ------------------------------------------------------------------------
[INFO] Total time:  38.727 s
[INFO] Finished at: 2020-03-07T08:36:00Z
[INFO] ------------------------------------------------------------------------

Showing logs for build [32mcb-kubecd-bdd-spring-1583569469-pwj29-1[0m stage [32mfrom-build-pack[0m and container [32mstep-build-skaffold-version[0m
v1.0.1

Showing logs for build [32mcb-kubecd-bdd-spring-1583569469-pwj29-1[0m stage [32mfrom-build-pack[0m and container [32mstep-build-container-build[0m
[36mINFO[0m[0000] Downloading base image openjdk:8-jdk-slim    
ERROR: logging before flag.Parse: E0307 08:36:03.980533      11 metadata.go:142] while reading 'google-dockercfg' metadata: http status code: 404 while fetching url http://metadata.google.internal./computeMetadata/v1/instance/attributes/google-dockercfg
ERROR: logging before flag.Parse: E0307 08:36:03.983497      11 metadata.go:159] while reading 'google-dockercfg-url' metadata: http status code: 404 while fetching url http://metadata.google.internal./computeMetadata/v1/instance/attributes/google-dockercfg-url
2020/03/07 08:36:04 No matching credentials were found, falling back on anonymous
[36mINFO[0m[0001] Error while retrieving image from cache: getting file info: stat /workspace/sha256:9a6201786a233a26fa84d1f61affddacab15e9cba06bb9cf0db38ec9c285773b: no such file or directory 
[36mINFO[0m[0001] Downloading base image openjdk:8-jdk-slim    
2020/03/07 08:36:05 No matching credentials were found, falling back on anonymous
[36mINFO[0m[0002] cmd: EXPOSE                                  
[36mINFO[0m[0002] Adding exposed port: 8080/tcp                
[36mINFO[0m[0002] Using files from context: [/workspace/source/pom.xml] 
[36mINFO[0m[0002] Using files from context: [/workspace/source/target/bdd-spring-1583569469-0.0.0-SNAPSHOT-PR-1-1.jar] 
[36mINFO[0m[0002] Skipping unpacking as no commands require it. 
[36mINFO[0m[0002] Taking snapshot of full filesystem...        
[36mINFO[0m[0002] ENV PORT 8080                                
[36mINFO[0m[0002] No files changed in this command, skipping snapshotting. 
[36mINFO[0m[0002] ENV CLASSPATH /opt/lib                       
[36mINFO[0m[0002] No files changed in this command, skipping snapshotting. 
[36mINFO[0m[0002] EXPOSE 8080                                  
[36mINFO[0m[0002] cmd: EXPOSE                                  
[36mINFO[0m[0002] Adding exposed port: 8080/tcp                
[36mINFO[0m[0002] No files changed in this command, skipping snapshotting. 
[36mINFO[0m[0002] Using files from context: [/workspace/source/pom.xml] 
[36mINFO[0m[0002] COPY pom.xml target/lib* /opt/lib/           
[36mINFO[0m[0002] Taking snapshot of files...                  
[36mINFO[0m[0002] Using files from context: [/workspace/source/target/bdd-spring-1583569469-0.0.0-SNAPSHOT-PR-1-1.jar] 
[36mINFO[0m[0002] COPY target/*.jar /opt/app.jar               
[36mINFO[0m[0002] Taking snapshot of files...                  
[36mINFO[0m[0002] WORKDIR /opt                                 
[36mINFO[0m[0002] cmd: workdir                                 
[36mINFO[0m[0002] Changed working directory to /opt            
[36mINFO[0m[0002] No files changed in this command, skipping snapshotting. 
[36mINFO[0m[0002] CMD ["java", "-XX:+UnlockExperimentalVMOptions", "-XX:+UseCGroupMemoryLimitForHeap", "-jar", "app.jar"] 
[36mINFO[0m[0002] No files changed in this command, skipping snapshotting. 
2020/03/07 08:36:07 existing blob: sha256:68ced04f60ab5c7a5f1d0b0b4e7572c5a4c8cce44866513d30d9df1a15277d6b
2020/03/07 08:36:07 existing blob: sha256:cd812b6e86d2716865163d0858b828d2adbce541cd7b2f057ec5a461f0ac4301
2020/03/07 08:36:07 existing blob: sha256:4874c5772968dcab87c114bee2baf2c7e9a06dda36e63bdfeab71bd4d6f02890
2020/03/07 08:36:07 existing blob: sha256:1036c6da18fe8ac7f046061bc1cc870d2a1608caceded73416ec139bae64a0c6
2020/03/07 08:36:10 pushed blob: sha256:0c861207c187a43811046da96b155e67bd53a9123e7ffff8eea8ae645561c290
2020/03/07 08:36:10 pushed blob: sha256:e2f1eb501bb090b4ff57a353a1c5674d52c8ff3a758c5d0fd1c38fd76bd2baa6
2020/03/07 08:36:12 pushed blob: sha256:e47689046f96bfca6422bdbe45d537d995d2d48c092c06607a4938faed896bdc
2020/03/07 08:36:14 gcr.io/jenkins-x-bdd3/bdd-spring-1583569469:0.0.0-SNAPSHOT-PR-1-1: digest: sha256:bb50810eaa2b0b314709489c7c66c2835f27c4bf2d770aed286cbde3b850bad3 size: 1244

Showing logs for build [32mcb-kubecd-bdd-spring-1583569469-pwj29-1[0m stage [32mfrom-build-pack[0m and container [32mstep-postbuild-post-build[0m
no CVE provider running in the current ** namespace so skip adding image to be analysed

Showing logs for build [32mcb-kubecd-bdd-spring-1583569469-pwj29-1[0m stage [32mfrom-build-pack[0m and container [32mstep-promote-make-preview[0m
sed -i -e "s/version:.*/version: 0.0.0-SNAPSHOT-PR-1-1/" Chart.yaml
sed -i -e "s/version:.*/version: 0.0.0-SNAPSHOT-PR-1-1/" ../*/Chart.yaml
sed -i -e "s|repository:.*|repository: gcr.io\/jenkins-x-bdd3\/bdd-spring-1583569469|" values.yaml
sed -i -e "s/tag:.*/tag: 0.0.0-SNAPSHOT-PR-1-1/" values.yaml
echo "  version: 0.0.0-SNAPSHOT-PR-1-1" >> requirements.yaml
** step helm build
WARNING: No $CHART_REPOSITORY defined so using the default value of: http://jenkins-x-chartmuseum:8080
Adding missing Helm repo: storage.googleapis.com https://storage.googleapis.com/chartmuseum.jenkins-x.io
WARNING: No secrets found on "helm/repos" due: reading the secret "helm/repos" from vault: no secret "helm/repos" not found in vault
Read credentials for https://storage.googleapis.com/chartmuseum.jenkins-x.io from vault helm/repos
Successfully added Helm repository storage.googleapis.com.
Adding missing Helm repo: jenkins-x-chartmuseum http://jenkins-x-chartmuseum:8080
WARNING: No secrets found on "helm/repos" due: reading the secret "helm/repos" from vault: no secret "helm/repos" not found in vault
Read credentials for http://jenkins-x-chartmuseum:8080 from vault helm/repos
Successfully added Helm repository jenkins-x-chartmuseum.
WARNING: No $CHART_REPOSITORY defined so using the default value of: http://jenkins-x-chartmuseum:8080
Adding missing Helm repo: chartmuseum.jenkins-x.io http://chartmuseum.jenkins-x.io
WARNING: No secrets found on "helm/repos" due: reading the secret "helm/repos" from vault: no secret "helm/repos" not found in vault
Read credentials for http://chartmuseum.jenkins-x.io from vault helm/repos
Successfully added Helm repository chartmuseum.jenkins-x.io.

Showing logs for build [32mcb-kubecd-bdd-spring-1583569469-pwj29-1[0m stage [32mfrom-build-pack[0m and container [32mstep-promote-jx-preview[0m
Creating a preview
Created environment cb-kubecd-bdd-spring-1583569469-pr-1
Namespace **-cb-kubecd-bdd-spring-1583569469-pr-1 created 
expose:
  Annotations:
    helm.sh/hook: post-install,post-upgrade
    helm.sh/hook-delete-policy: hook-succeeded
  config:
    domain: 34.76.67.186.nip.io
    exposer: Ingress
    http: "true"
preview:
  image:
    repository: gcr.io/jenkins-x-bdd3/bdd-spring-1583569469
    tag: 0.0.0-SNAPSHOT-PR-1-1

Updating PipelineActivities cb-kubecd-bdd-spring-1583569469-pr-1-1 which has status Running
WARNING: preview application http://bdd-spring-1583569469.**-cb-kubecd-bdd-spring-1583569469-pr-1.34.76.67.186.nip.io not available, error was 503 503 Service Temporarily Unavailable, delaying for: 1.315405171s
WARNING: preview application http://bdd-spring-1583569469.**-cb-kubecd-bdd-spring-1583569469-pr-1.34.76.67.186.nip.io not available, error was 503 503 Service Temporarily Unavailable, delaying for: 1.650248393s
WARNING: preview application http://bdd-spring-1583569469.**-cb-kubecd-bdd-spring-1583569469-pr-1.34.76.67.186.nip.io not available, error was 503 503 Service Temporarily Unavailable, delaying for: 1.686809702s
WARNING: preview application http://bdd-spring-1583569469.**-cb-kubecd-bdd-spring-1583569469-pr-1.34.76.67.186.nip.io not available, error was 503 503 Service Temporarily Unavailable, delaying for: 2.273588476s
WARNING: preview application http://bdd-spring-1583569469.**-cb-kubecd-bdd-spring-1583569469-pr-1.34.76.67.186.nip.io not available, error was 503 503 Service Temporarily Unavailable, delaying for: 6.043805566s
WARNING: preview application http://bdd-spring-1583569469.**-cb-kubecd-bdd-spring-1583569469-pr-1.34.76.67.186.nip.io not available, error was 503 503 Service Temporarily Unavailable, delaying for: 11.205905627s
WARNING: preview application http://bdd-spring-1583569469.**-cb-kubecd-bdd-spring-1583569469-pr-1.34.76.67.186.nip.io not available, error was 503 503 Service Temporarily Unavailable, delaying for: 14.274290179s
Preview application is now available at: http://bdd-spring-1583569469.**-cb-kubecd-bdd-spring-1583569469-pr-1.34.76.67.186.nip.io
